[debug] ----------------------------------------------------------------------
[debug] Command:      C:\Program Files\nodejs\node.exe C:\Users\Toki\AppData\Roaming\npm\node_modules\firebase-tools\bin\firebase serve
[debug] CLI Version:  3.6.0
[debug] Platform:     win32
[debug] Node Version: v6.9.1
[debug] Time:         Tue Apr 11 2017 17:31:34 GMT+0200 (Środkowoeuropejski czas letni)
[debug] ----------------------------------------------------------------------
[debug] 
[debug] > command requires scopes: ["email","openid","https://www.googleapis.com/auth/cloudplatformprojects.readonly","https://www.googleapis.com/auth/firebase","https://www.googleapis.com/auth/cloud-platform"]
[debug] >>> HTTP REQUEST GET https://admin.firebase.com/v1/projects/work-boards  
 Tue Apr 11 2017 17:31:34 GMT+0200 (Środkowoeuropejski czas letni)
[debug] <<< HTTP RESPONSE 200
[debug] >>> HTTP REQUEST GET https://admin.firebase.com/v1/database/work-boards/tokens  
 Tue Apr 11 2017 17:31:35 GMT+0200 (Środkowoeuropejski czas letni)
[debug] <<< HTTP RESPONSE 200
[info] Starting Firebase development server...
[info] 
[info] Project Directory: C:\Users\Toki\work_boards
[debug] >>> HTTP REQUEST GET https://cloudresourcemanager.googleapis.com/v1/projects/work-boards  
 Tue Apr 11 2017 17:31:35 GMT+0200 (Środkowoeuropejski czas letni)
[debug] <<< HTTP RESPONSE 200
[debug] >>> HTTP REQUEST GET https://mobilesdk-pa.googleapis.com/v1/projects/1036702528745/clients/_:getWebAppConfig  
 Tue Apr 11 2017 17:31:36 GMT+0200 (Środkowoeuropejski czas letni)
[debug] <<< HTTP RESPONSE 200
[info] Public Directory: public
[info] 
[info] Server listening at: http://localhost:5000
[info] Shutting down...
